Performing C SOURCE FILE Test CMAKE_HAVE_LIBC_PTHREAD failed with the following output:
Change Dir: /root/Desktop/RosFolder/my_ros_ws/src/assigment_rt_3/build/CMakeFiles/CMakeTmp

Run Build Command(s):/usr/bin/make cmTC_15d1b/fast && /usr/bin/make -f CMakeFiles/cmTC_15d1b.dir/build.make CMakeFiles/cmTC_15d1b.dir/build
make[1]: Entering directory '/root/Desktop/RosFolder/my_ros_ws/src/assigment_rt_3/build/CMakeFiles/CMakeTmp'
Building C object CMakeFiles/cmTC_15d1b.dir/src.c.o
/bin/x86_64-linux-gnu-gcc-9   -DCMAKE_HAVE_LIBC_PTHREAD   -o CMakeFiles/cmTC_15d1b.dir/src.c.o   -c /root/Desktop/RosFolder/my_ros_ws/src/assigment_rt_3/build/CMakeFiles/CMakeTmp/src.c
Linking C executable cmTC_15d1b
/usr/bin/cmake -E cmake_link_script CMakeFiles/cmTC_15d1b.dir/link.txt --verbose=1
/bin/x86_64-linux-gnu-gcc-9  -DCMAKE_HAVE_LIBC_PTHREAD    -rdynamic CMakeFiles/cmTC_15d1b.dir/src.c.o  -o cmTC_15d1b 
/usr/bin/ld: CMakeFiles/cmTC_15d1b.dir/src.c.o: in function `main':
src.c:(.text+0x46): undefined reference to `pthread_create'
/usr/bin/ld: src.c:(.text+0x52): undefined reference to `pthread_detach'
/usr/bin/ld: src.c:(.text+0x63): undefined reference to `pthread_join'
collect2: error: ld returned 1 exit status
make[1]: *** [CMakeFiles/cmTC_15d1b.dir/build.make:87: cmTC_15d1b] Error 1
make[1]: Leaving directory '/root/Desktop/RosFolder/my_ros_ws/src/assigment_rt_3/build/CMakeFiles/CMakeTmp'
make: *** [Makefile:121: cmTC_15d1b/fast] Error 2


Source file was:
#include <pthread.h>

void* test_func(void* data)
{
  return data;
}

int main(void)
{
  pthread_t thread;
  pthread_create(&thread, NULL, test_func, NULL);
  pthread_detach(thread);
  pthread_join(thread, NULL);
  pthread_atfork(NULL, NULL, NULL);
  pthread_exit(NULL);

  return 0;
}

Determining if the function pthread_create exists in the pthreads failed with the following output:
Change Dir: /root/Desktop/RosFolder/my_ros_ws/src/assigment_rt_3/build/CMakeFiles/CMakeTmp

Run Build Command(s):/usr/bin/make cmTC_e6717/fast && /usr/bin/make -f CMakeFiles/cmTC_e6717.dir/build.make CMakeFiles/cmTC_e6717.dir/build
make[1]: Entering directory '/root/Desktop/RosFolder/my_ros_ws/src/assigment_rt_3/build/CMakeFiles/CMakeTmp'
Building C object CMakeFiles/cmTC_e6717.dir/CheckFunctionExists.c.o
/bin/x86_64-linux-gnu-gcc-9   -DCHECK_FUNCTION_EXISTS=pthread_create   -o CMakeFiles/cmTC_e6717.dir/CheckFunctionExists.c.o   -c /usr/share/cmake-3.16/Modules/CheckFunctionExists.c
Linking C executable cmTC_e6717
/usr/bin/cmake -E cmake_link_script CMakeFiles/cmTC_e6717.dir/link.txt --verbose=1
/bin/x86_64-linux-gnu-gcc-9  -DCHECK_FUNCTION_EXISTS=pthread_create    -rdynamic CMakeFiles/cmTC_e6717.dir/CheckFunctionExists.c.o  -o cmTC_e6717  -lpthreads 
/usr/bin/ld: cannot find -lpthreads
collect2: error: ld returned 1 exit status
make[1]: *** [CMakeFiles/cmTC_e6717.dir/build.make:87: cmTC_e6717] Error 1
make[1]: Leaving directory '/root/Desktop/RosFolder/my_ros_ws/src/assigment_rt_3/build/CMakeFiles/CMakeTmp'
make: *** [Makefile:121: cmTC_e6717/fast] Error 2



